{"/Users/simon/Documents/proyectos-personales/expressts/src/actions.ts": {"path":"/Users/simon/Documents/proyectos-personales/expressts/src/actions.ts","statementMap":{"0":{"start":{"line":8,"column":24},"end":{"line":8,"column":54}},"1":{"start":{"line":9,"column":25},"end":{"line":9,"column":54}},"2":{"start":{"line":17,"column":25},"end":{"line":17,"column":65}},"3":{"start":{"line":18,"column":26},"end":{"line":18,"column":79}},"4":{"start":{"line":20,"column":2},"end":{"line":23,"column":3}},"5":{"start":{"line":24,"column":2},"end":{"line":24,"column":25}},"6":{"start":{"line":42,"column":2},"end":{"line":42,"column":52}},"7":{"start":{"line":44,"column":26},"end":{"line":44,"column":82}},"8":{"start":{"line":45,"column":2},"end":{"line":45,"column":76}},"9":{"start":{"line":47,"column":30},"end":{"line":47,"column":80}},"10":{"start":{"line":48,"column":2},"end":{"line":48,"column":75}},"11":{"start":{"line":50,"column":33},"end":{"line":52,"column":null}},"12":{"start":{"line":54,"column":29},"end":{"line":54,"column":97}},"13":{"start":{"line":55,"column":2},"end":{"line":55,"column":81}},"14":{"start":{"line":57,"column":29},"end":{"line":57,"column":94}},"15":{"start":{"line":58,"column":2},"end":{"line":58,"column":77}},"16":{"start":{"line":69,"column":2},"end":{"line":72,"column":5}},"17":{"start":{"line":75,"column":23},"end":{"line":75,"column":66}},"18":{"start":{"line":76,"column":2},"end":{"line":78,"column":3}},"19":{"start":{"line":77,"column":4},"end":{"line":77,"column":59}},"20":{"start":{"line":88,"column":2},"end":{"line":91,"column":5}},"21":{"start":{"line":93,"column":2},"end":{"line":96,"column":5}},"22":{"start":{"line":98,"column":2},"end":{"line":101,"column":5}},"23":{"start":{"line":112,"column":49},"end":{"line":112,"column":56}},"24":{"start":{"line":113,"column":22},"end":{"line":113,"column":62}},"25":{"start":{"line":114,"column":29},"end":{"line":114,"column":52}},"26":{"start":{"line":116,"column":2},"end":{"line":119,"column":3}},"27":{"start":{"line":117,"column":4},"end":{"line":117,"column":59}},"28":{"start":{"line":118,"column":4},"end":{"line":118,"column":20}},"29":{"start":{"line":121,"column":18},"end":{"line":121,"column":29}},"30":{"start":{"line":123,"column":2},"end":{"line":123,"column":49}},"31":{"start":{"line":124,"column":2},"end":{"line":130,"column":3}},"32":{"start":{"line":125,"column":4},"end":{"line":125,"column":87}},"33":{"start":{"line":126,"column":4},"end":{"line":126,"column":48}},"34":{"start":{"line":128,"column":4},"end":{"line":128,"column":45}},"35":{"start":{"line":129,"column":4},"end":{"line":129,"column":16}},"36":{"start":{"line":132,"column":2},"end":{"line":132,"column":46}},"37":{"start":{"line":133,"column":2},"end":{"line":139,"column":3}},"38":{"start":{"line":134,"column":4},"end":{"line":134,"column":43}},"39":{"start":{"line":135,"column":4},"end":{"line":135,"column":45}},"40":{"start":{"line":137,"column":4},"end":{"line":137,"column":50}},"41":{"start":{"line":138,"column":4},"end":{"line":138,"column":16}},"42":{"start":{"line":141,"column":2},"end":{"line":150,"column":3}},"43":{"start":{"line":142,"column":4},"end":{"line":142,"column":41}},"44":{"start":{"line":143,"column":4},"end":{"line":149,"column":5}},"45":{"start":{"line":144,"column":6},"end":{"line":144,"column":49}},"46":{"start":{"line":145,"column":6},"end":{"line":145,"column":40}},"47":{"start":{"line":147,"column":6},"end":{"line":147,"column":68}},"48":{"start":{"line":159,"column":53},"end":{"line":163,"column":4}},"49":{"start":{"line":164,"column":2},"end":{"line":164,"column":29}}},"fnMap":{"0":{"name":"getTemplatesDirectory","decl":{"start":{"line":16,"column":9},"end":{"line":16,"column":30}},"loc":{"start":{"line":16,"column":30},"end":{"line":25,"column":1}}},"1":{"name":"copyProjectFiles","decl":{"start":{"line":36,"column":15},"end":{"line":36,"column":31}},"loc":{"start":{"line":40,"column":28},"end":{"line":59,"column":1}}},"2":{"name":"installDependencies","decl":{"start":{"line":68,"column":15},"end":{"line":68,"column":34}},"loc":{"start":{"line":68,"column":54},"end":{"line":79,"column":1}}},"3":{"name":"initializeGitRepository","decl":{"start":{"line":87,"column":15},"end":{"line":87,"column":38}},"loc":{"start":{"line":87,"column":58},"end":{"line":102,"column":1}}},"4":{"name":"createProject","decl":{"start":{"line":111,"column":22},"end":{"line":111,"column":35}},"loc":{"start":{"line":111,"column":56},"end":{"line":151,"column":1}}},"5":{"name":"getTsStrictnessDescription","decl":{"start":{"line":158,"column":16},"end":{"line":158,"column":42}},"loc":{"start":{"line":158,"column":62},"end":{"line":165,"column":1}}}},"branchMap":{"0":{"loc":{"start":{"line":20,"column":2},"end":{"line":23,"column":3}},"type":"if","locations":[{"start":{"line":20,"column":2},"end":{"line":23,"column":3}},{"start":{},"end":{}}]},"1":{"loc":{"start":{"line":76,"column":2},"end":{"line":78,"column":3}},"type":"if","locations":[{"start":{"line":76,"column":2},"end":{"line":78,"column":3}},{"start":{},"end":{}}]},"2":{"loc":{"start":{"line":116,"column":2},"end":{"line":119,"column":3}},"type":"if","locations":[{"start":{"line":116,"column":2},"end":{"line":119,"column":3}},{"start":{},"end":{}}]},"3":{"loc":{"start":{"line":141,"column":2},"end":{"line":150,"column":3}},"type":"if","locations":[{"start":{"line":141,"column":2},"end":{"line":150,"column":3}},{"start":{},"end":{}}]}},"s":{"0":1,"1":1,"2":13,"3":13,"4":13,"5":13,"6":12,"7":11,"8":11,"9":11,"10":11,"11":11,"12":11,"13":11,"14":11,"15":11,"16":11,"17":11,"18":11,"19":1,"20":2,"21":1,"22":1,"23":13,"24":13,"25":13,"26":13,"27":1,"28":1,"29":12,"30":12,"31":12,"32":12,"33":11,"34":1,"35":1,"36":11,"37":11,"38":11,"39":10,"40":1,"41":1,"42":10,"43":2,"44":2,"45":2,"46":1,"47":1,"48":3,"49":3},"f":{"0":13,"1":12,"2":11,"3":2,"4":13,"5":3},"b":{"0":[0,13],"1":[1,10],"2":[1,12],"3":[2,8]}}
,"/Users/simon/Documents/proyectos-personales/expressts/src/prompts.ts": {"path":"/Users/simon/Documents/proyectos-personales/expressts/src/prompts.ts","statementMap":{"0":{"start":{"line":20,"column":2},"end":{"line":20,"column":55}},"1":{"start":{"line":22,"column":18},"end":{"line":71,"column":null}},"2":{"start":{"line":25,"column":8},"end":{"line":35,"column":10}},"3":{"start":{"line":30,"column":12},"end":{"line":30,"column":58}},"4":{"start":{"line":30,"column":24},"end":{"line":30,"column":58}},"5":{"start":{"line":31,"column":12},"end":{"line":33,"column":13}},"6":{"start":{"line":32,"column":14},"end":{"line":32,"column":78}},"7":{"start":{"line":38,"column":8},"end":{"line":58,"column":10}},"8":{"start":{"line":61,"column":8},"end":{"line":64,"column":10}},"9":{"start":{"line":68,"column":8},"end":{"line":68,"column":41}},"10":{"start":{"line":69,"column":8},"end":{"line":69,"column":24}},"11":{"start":{"line":74,"column":2},"end":{"line":74,"column":32}}},"fnMap":{"0":{"name":"runPrompts","decl":{"start":{"line":19,"column":22},"end":{"line":19,"column":32}},"loc":{"start":{"line":19,"column":32},"end":{"line":75,"column":1}}},"1":{"name":"(anonymous_1)","decl":{"start":{"line":24,"column":19},"end":{"line":24,"column":22}},"loc":{"start":{"line":25,"column":8},"end":{"line":35,"column":10}}},"2":{"name":"(anonymous_2)","decl":{"start":{"line":29,"column":20},"end":{"line":29,"column":21}},"loc":{"start":{"line":29,"column":30},"end":{"line":34,"column":11}}},"3":{"name":"(anonymous_3)","decl":{"start":{"line":37,"column":20},"end":{"line":37,"column":23}},"loc":{"start":{"line":38,"column":8},"end":{"line":58,"column":10}}},"4":{"name":"(anonymous_4)","decl":{"start":{"line":60,"column":15},"end":{"line":60,"column":18}},"loc":{"start":{"line":61,"column":8},"end":{"line":64,"column":10}}},"5":{"name":"(anonymous_5)","decl":{"start":{"line":67,"column":16},"end":{"line":67,"column":19}},"loc":{"start":{"line":67,"column":21},"end":{"line":70,"column":7}}}},"branchMap":{"0":{"loc":{"start":{"line":30,"column":12},"end":{"line":30,"column":58}},"type":"if","locations":[{"start":{"line":30,"column":12},"end":{"line":30,"column":58}},{"start":{},"end":{}}]},"1":{"loc":{"start":{"line":31,"column":12},"end":{"line":33,"column":13}},"type":"if","locations":[{"start":{"line":31,"column":12},"end":{"line":33,"column":13}},{"start":{},"end":{}}]}},"s":{"0":14,"1":14,"2":4,"3":8,"4":1,"5":7,"6":3,"7":1,"8":1,"9":1,"10":1,"11":14},"f":{"0":14,"1":4,"2":8,"3":1,"4":1,"5":1},"b":{"0":[1,7],"1":[3,4]}}
}
