TN:
SF:src/actions.ts
FN:16,getTemplatesDirectory
FN:36,copyProjectFiles
FN:68,installDependencies
FN:87,initializeGitRepository
FN:111,createProject
FN:158,getTsStrictnessDescription
FNF:6
FNH:6
FNDA:13,getTemplatesDirectory
FNDA:12,copyProjectFiles
FNDA:11,installDependencies
FNDA:2,initializeGitRepository
FNDA:13,createProject
FNDA:3,getTsStrictnessDescription
DA:8,1
DA:9,1
DA:17,13
DA:18,13
DA:20,13
DA:24,13
DA:42,12
DA:44,11
DA:45,11
DA:47,11
DA:48,11
DA:50,11
DA:54,11
DA:55,11
DA:57,11
DA:58,11
DA:69,11
DA:75,11
DA:76,11
DA:77,1
DA:88,2
DA:93,1
DA:98,1
DA:112,13
DA:113,13
DA:114,13
DA:116,13
DA:117,1
DA:118,1
DA:121,12
DA:123,12
DA:124,12
DA:125,12
DA:126,11
DA:128,1
DA:129,1
DA:132,11
DA:133,11
DA:134,11
DA:135,10
DA:137,1
DA:138,1
DA:141,10
DA:142,2
DA:143,2
DA:144,2
DA:145,1
DA:147,1
DA:159,3
DA:164,3
LF:50
LH:50
BRDA:20,0,0,0
BRDA:20,0,1,13
BRDA:76,1,0,1
BRDA:76,1,1,10
BRDA:116,2,0,1
BRDA:116,2,1,12
BRDA:141,3,0,2
BRDA:141,3,1,8
BRF:8
BRH:7
end_of_record
TN:
SF:src/prompts.ts
FN:19,runPrompts
FN:24,(anonymous_1)
FN:29,(anonymous_2)
FN:37,(anonymous_3)
FN:60,(anonymous_4)
FN:67,(anonymous_5)
FNF:6
FNH:6
FNDA:14,runPrompts
FNDA:4,(anonymous_1)
FNDA:8,(anonymous_2)
FNDA:1,(anonymous_3)
FNDA:1,(anonymous_4)
FNDA:1,(anonymous_5)
DA:20,14
DA:22,14
DA:25,4
DA:30,8
DA:31,7
DA:32,3
DA:38,1
DA:61,1
DA:68,1
DA:69,1
DA:74,14
LF:11
LH:11
BRDA:30,0,0,1
BRDA:30,0,1,7
BRDA:31,1,0,3
BRDA:31,1,1,4
BRF:4
BRH:4
end_of_record
